<?xml version="1.0" encoding="UTF-8"?>
<!-- Generated by org.testng.reporters.JUnitReportReporter -->
<testsuite hostname="desktop-nf" failures="0" tests="1" name="runner.Signup" time="15.300" errors="0" timestamp="2023-09-18T21:28:24 ICT" skipped="0">
  <testcase classname="runner.Signup" name="runScenario" time="15.300"/>
  <system-out/>
</testsuite> <!-- runner.Signup -->
